<?xml version="1.0" encoding="UTF-8"?>
<!-- Generated by org.testng.reporters.JUnitReportReporter -->
<testsuite hostname="DESKTOP-VU3E9VD" failures="0" tests="1" name="org.makeMyTrip.test.makeMytripTest" time="23.037" errors="0" timestamp="2022-10-11T21:28:52 IST" skipped="0">
  <testcase classname="org.makeMyTrip.test.makeMytripTest" name="searchFlight_ForOneWay" time="23.037"/>
  <system-out/>
</testsuite> <!-- org.makeMyTrip.test.makeMytripTest -->
